Switch: x || Reset: 1
 00000000
 00000000
 00000000
 00000000
 00000000
 00000000
 00000000
 00000000
Switch: 1 || Reset: 0
 00000000
 00000000
 00000000
 00000000
 00000000
 00000000
 00000000
 00000000
Switch: 1 || Reset: 0
 00101100
 01000100
 00100100
 00111000
 01100000
 01111110
 00101110
 00000000
Switch: 1 || Reset: 0
 00101100
 01000100
 00100100
 00111000
 01100000
 01111110
 00101110
 00000000
Switch: 1 || Reset: 0
 00001100
 01110110
 01100100
 00001000
 00000000
 00000010
 01100010
 00000100
Switch: 1 || Reset: 0
 00001100
 01110110
 01100100
 00001000
 00000000
 00000010
 01100010
 00000100
Switch: 1 || Reset: 0
 00111110
 01010010
 01000110
 00000000
 00000000
 00000000
 00000110
 00000000
Switch: 1 || Reset: 0
 00111110
 01010010
 01000110
 00000000
 00000000
 00000000
 00000110
 00000000
Switch: 1 || Reset: 0
 00111110
 01010001
 00100110
 00000000
 00000000
 00000000
 00000000
 00000000
Switch: 1 || Reset: 0
 00111110
 01010001
 00100110
 00000000
 00000000
 00000000
 00000000
 00000000
Switch: 1 || Reset: 0
 00111110
 01000001
 00100010
 00000000
 00000000
 00000000
 00000000
 00000000
Switch: 1 || Reset: 0
 00111110
 01000001
 00100010
 00000000
 00000000
 00000000
 00000000
 00000000
Switch: 1 || Reset: 0
 00111110
 01001001
 00000000
 00000000
 00000000
 00000000
 00000000
 00000000
Switch: 1 || Reset: 0
 00111110
 01001001
 00000000
 00000000
 00000000
 00000000
 00000000
 00000000
Switch: 1 || Reset: 0
 00111110
 00101010
 00000000
 00000000
 00000000
 00000000
 00000000
 00000000
Switch: 1 || Reset: 0
 00111110
 00101010
 00000000
 00000000
 00000000
 00000000
 00000000
 00000000
Switch: 1 || Reset: 0
 00101010
 00101010
 00000000
 00000000
 00000000
 00000000
 00000000
 00000000
Switch: 1 || Reset: 0
 00101010
 00101010
 00000000
 00000000
 00000000
 00000000
 00000000
 00000000
Switch: 1 || Reset: 0
 00000000
 00000000
 00000000
 00000000
 00000000
 00000000
 00000000
 00000000
Switch: 1 || Reset: 0
 00000000
 00000000
 00000000
 00000000
 00000000
 00000000
 00000000
 00000000
Switch: 1 || Reset: 0
 00000000
 00000000
 00000000
 00000000
 00000000
 00000000
 00000000
 00000000
Switch: 1 || Reset: 0
 00000000
 00000000
 00000000
 00000000
 00000000
 00000000
 00000000
 00000000
Switch: 1 || Reset: 0
 00000000
 00000000
 00000000
 00000000
 00000000
 00000000
 00000000
 00000000
Switch: 1 || Reset: 0
 00000000
 00000000
 00000000
 00000000
 00000000
 00000000
 00000000
 00000000
Switch: 1 || Reset: 0
 00000000
 00000000
 00000000
 00000000
 00000000
 00000000
 00000000
 00000000
Switch: 1 || Reset: 0
 00000000
 00000000
 00000000
 00000000
 00000000
 00000000
 00000000
 00000000
Switch: 1 || Reset: 0
 00000000
 00000000
 00000000
 00000000
 00000000
 00000000
 00000000
 00000000
Switch: 1 || Reset: 0
 00000000
 00000000
 00000000
 00000000
 00000000
 00000000
 00000000
 00000000
Switch: 1 || Reset: 0
 00000000
 00000000
 00000000
 00000000
 00000000
 00000000
 00000000
 00000000
Switch: 1 || Reset: 0
 00000000
 00000000
 00000000
 00000000
 00000000
 00000000
 00000000
 00000000
Switch: 1 || Reset: 0
 00000000
 00000000
 00000000
 00000000
 00000000
 00000000
 00000000
 00000000
Switch: 1 || Reset: 0
 00000000
 00000000
 00000000
 00000000
 00000000
 00000000
 00000000
 00000000
Switch: 1 || Reset: 0
 00000000
 00000000
 00000000
 00000000
 00000000
 00000000
 00000000
 00000000
Switch: 1 || Reset: 0
 00000000
 00000000
 00000000
 00000000
 00000000
 00000000
 00000000
 00000000
Switch: 1 || Reset: 0
 00000000
 00000000
 00000000
 00000000
 00000000
 00000000
 00000000
 00000000
Switch: 1 || Reset: 0
 00000000
 00000000
 00000000
 00000000
 00000000
 00000000
 00000000
 00000000
Switch: 1 || Reset: 0
 00000000
 00000000
 00000000
 00000000
 00000000
 00000000
 00000000
 00000000
Switch: 1 || Reset: 0
 00000000
 00000000
 00000000
 00000000
 00000000
 00000000
 00000000
 00000000
Switch: 1 || Reset: 0
 00000000
 00000000
 00000000
 00000000
 00000000
 00000000
 00000000
 00000000
Switch: 1 || Reset: 0
 00000000
 00000000
 00000000
 00000000
 00000000
 00000000
 00000000
 00000000
Switch: 1 || Reset: 0
 00000000
 00000000
 00000000
 00000000
 00000000
 00000000
 00000000
 00000000
Switch: 1 || Reset: 0
 00000000
 00000000
 00000000
 00000000
 00000000
 00000000
 00000000
 00000000
Switch: 1 || Reset: 0
 00000000
 00000000
 00000000
 00000000
 00000000
 00000000
 00000000
 00000000
Switch: 1 || Reset: 0
 00000000
 00000000
 00000000
 00000000
 00000000
 00000000
 00000000
 00000000
Switch: 1 || Reset: 0
 00000000
 00000000
 00000000
 00000000
 00000000
 00000000
 00000000
 00000000
Switch: 1 || Reset: 0
 00000000
 00000000
 00000000
 00000000
 00000000
 00000000
 00000000
 00000000
Switch: 1 || Reset: 0
 00000000
 00000000
 00000000
 00000000
 00000000
 00000000
 00000000
 00000000
Switch: 1 || Reset: 0
 00000000
 00000000
 00000000
 00000000
 00000000
 00000000
 00000000
 00000000
Switch: 1 || Reset: 0
 00000000
 00000000
 00000000
 00000000
 00000000
 00000000
 00000000
 00000000
Switch: 1 || Reset: 0
 00000000
 00000000
 00000000
 00000000
 00000000
 00000000
 00000000
 00000000
Switch: 1 || Reset: 0
 00000000
 00000000
 00000000
 00000000
 00000000
 00000000
 00000000
 00000000
Switch: 1 || Reset: 0
 00000000
 00000000
 00000000
 00000000
 00000000
 00000000
 00000000
 00000000
Switch: 1 || Reset: 0
 00000000
 00000000
 00000000
 00000000
 00000000
 00000000
 00000000
 00000000
Switch: 1 || Reset: 0
 00000000
 00000000
 00000000
 00000000
 00000000
 00000000
 00000000
 00000000
Switch: 1 || Reset: 0
 00000000
 00000000
 00000000
 00000000
 00000000
 00000000
 00000000
 00000000
Switch: 1 || Reset: 0
 00000000
 00000000
 00000000
 00000000
 00000000
 00000000
 00000000
 00000000
Switch: 1 || Reset: 0
 00000000
 00000000
 00000000
 00000000
 00000000
 00000000
 00000000
 00000000
Switch: 1 || Reset: 0
 00000000
 00000000
 00000000
 00000000
 00000000
 00000000
 00000000
 00000000
Switch: 1 || Reset: 0
 00000000
 00000000
 00000000
 00000000
 00000000
 00000000
 00000000
 00000000
Switch: 1 || Reset: 0
 00000000
 00000000
 00000000
 00000000
 00000000
 00000000
 00000000
 00000000
Switch: 1 || Reset: 0
 00000000
 00000000
 00000000
 00000000
 00000000
 00000000
 00000000
 00000000
Switch: 1 || Reset: 0
 00000000
 00000000
 00000000
 00000000
 00000000
 00000000
 00000000
 00000000
Switch: 1 || Reset: 0
 00000000
 00000000
 00000000
 00000000
 00000000
 00000000
 00000000
 00000000
Switch: 1 || Reset: 0
 00000000
 00000000
 00000000
 00000000
 00000000
 00000000
 00000000
 00000000
Switch: 1 || Reset: 0
 00000000
 00000000
 00000000
 00000000
 00000000
 00000000
 00000000
 00000000
Switch: 1 || Reset: 0
 00000000
 00000000
 00000000
 00000000
 00000000
 00000000
 00000000
 00000000
Switch: 1 || Reset: 0
 00000000
 00000000
 00000000
 00000000
 00000000
 00000000
 00000000
 00000000
Switch: 1 || Reset: 0
 00000000
 00000000
 00000000
 00000000
 00000000
 00000000
 00000000
 00000000
Switch: 1 || Reset: 0
 00000000
 00000000
 00000000
 00000000
 00000000
 00000000
 00000000
 00000000
Switch: 1 || Reset: 0
 00000000
 00000000
 00000000
 00000000
 00000000
 00000000
 00000000
 00000000
Switch: 1 || Reset: 0
 00000000
 00000000
 00000000
 00000000
 00000000
 00000000
 00000000
 00000000
Switch: 1 || Reset: 0
 00000000
 00000000
 00000000
 00000000
 00000000
 00000000
 00000000
 00000000
Switch: 1 || Reset: 0
 00000000
 00000000
 00000000
 00000000
 00000000
 00000000
 00000000
 00000000
Switch: 1 || Reset: 0
 00000000
 00000000
 00000000
 00000000
 00000000
 00000000
 00000000
 00000000
Switch: 1 || Reset: 0
 00000000
 00000000
 00000000
 00000000
 00000000
 00000000
 00000000
 00000000
Switch: 1 || Reset: 0
 00000000
 00000000
 00000000
 00000000
 00000000
 00000000
 00000000
 00000000
Switch: 1 || Reset: 0
 00000000
 00000000
 00000000
 00000000
 00000000
 00000000
 00000000
 00000000
Switch: 1 || Reset: 0
 00000000
 00000000
 00000000
 00000000
 00000000
 00000000
 00000000
 00000000
Switch: 1 || Reset: 0
 00000000
 00000000
 00000000
 00000000
 00000000
 00000000
 00000000
 00000000
Switch: 1 || Reset: 0
 00000000
 00000000
 00000000
 00000000
 00000000
 00000000
 00000000
 00000000
Switch: 1 || Reset: 0
 00000000
 00000000
 00000000
 00000000
 00000000
 00000000
 00000000
 00000000
Switch: 1 || Reset: 0
 00000000
 00000000
 00000000
 00000000
 00000000
 00000000
 00000000
 00000000
Switch: 1 || Reset: 0
 00000000
 00000000
 00000000
 00000000
 00000000
 00000000
 00000000
 00000000
Switch: 1 || Reset: 0
 00000000
 00000000
 00000000
 00000000
 00000000
 00000000
 00000000
 00000000
Switch: 1 || Reset: 0
 00000000
 00000000
 00000000
 00000000
 00000000
 00000000
 00000000
 00000000
Switch: 1 || Reset: 0
 00000000
 00000000
 00000000
 00000000
 00000000
 00000000
 00000000
 00000000
Switch: 1 || Reset: 0
 00000000
 00000000
 00000000
 00000000
 00000000
 00000000
 00000000
 00000000
Switch: 1 || Reset: 0
 00000000
 00000000
 00000000
 00000000
 00000000
 00000000
 00000000
 00000000
Switch: 1 || Reset: 0
 00000000
 00000000
 00000000
 00000000
 00000000
 00000000
 00000000
 00000000
Switch: 1 || Reset: 0
 00000000
 00000000
 00000000
 00000000
 00000000
 00000000
 00000000
 00000000
Switch: 1 || Reset: 0
 00000000
 00000000
 00000000
 00000000
 00000000
 00000000
 00000000
 00000000
Switch: 1 || Reset: 0
 00000000
 00000000
 00000000
 00000000
 00000000
 00000000
 00000000
 00000000
Switch: 1 || Reset: 0
 00000000
 00000000
 00000000
 00000000
 00000000
 00000000
 00000000
 00000000
Switch: 1 || Reset: 0
 00000000
 00000000
 00000000
 00000000
 00000000
 00000000
 00000000
 00000000
Switch: 1 || Reset: 0
 00000000
 00000000
 00000000
 00000000
 00000000
 00000000
 00000000
 00000000
Switch: 1 || Reset: 0
 00000000
 00000000
 00000000
 00000000
 00000000
 00000000
 00000000
 00000000
Switch: 1 || Reset: 0
 00000000
 00000000
 00000000
 00000000
 00000000
 00000000
 00000000
 00000000
Switch: 1 || Reset: 0
 00000000
 00000000
 00000000
 00000000
 00000000
 00000000
 00000000
 00000000
Switch: 1 || Reset: 0
 00000000
 00000000
 00000000
 00000000
 00000000
 00000000
 00000000
 00000000
